<?xml version="1.0" encoding="UTF-8"?>
<testng-results skipped="0" failed="0" ignored="0" total="3" passed="3">
  <reporter-output>
  </reporter-output>
  <suite name="Default suite" duration-ms="1235" started-at="2021-06-03T20:10:51 EEST" finished-at="2021-06-03T20:10:52 EEST">
    <groups>
    </groups>
    <test name="Default test" duration-ms="1235" started-at="2021-06-03T20:10:51 EEST" finished-at="2021-06-03T20:10:52 EEST">
      <class name="com.test.assignment.SuggestionTest">
        <test-method status="PASS" signature="suggestionTest(java.lang.String)[pri:0, instance:com.test.assignment.SuggestionTest@1f554b06]" name="suggestionTest" duration-ms="775" started-at="2021-06-03T20:10:51 EEST" data-provider="searchTerms" finished-at="2021-06-03T20:10:52 EEST">
          <params>
            <param index="0">
              <value>
                <![CDATA[jacket]]>
              </value>
            </param>
          </params>
          <reporter-output>
          </reporter-output>
        </test-method> <!-- suggestionTest -->
        <test-method status="PASS" signature="suggestionTest(java.lang.String)[pri:0, instance:com.test.assignment.SuggestionTest@1f554b06]" name="suggestionTest" duration-ms="209" started-at="2021-06-03T20:10:52 EEST" data-provider="searchTerms" finished-at="2021-06-03T20:10:52 EEST">
          <params>
            <param index="0">
              <value>
                <![CDATA[shoes]]>
              </value>
            </param>
          </params>
          <reporter-output>
          </reporter-output>
        </test-method> <!-- suggestionTest -->
        <test-method status="PASS" signature="suggestionTest(java.lang.String)[pri:0, instance:com.test.assignment.SuggestionTest@1f554b06]" name="suggestionTest" duration-ms="191" started-at="2021-06-03T20:10:52 EEST" data-provider="searchTerms" finished-at="2021-06-03T20:10:52 EEST">
          <params>
            <param index="0">
              <value>
                <![CDATA[dress]]>
              </value>
            </param>
          </params>
          <reporter-output>
          </reporter-output>
        </test-method> <!-- suggestionTest -->
      </class> <!-- com.test.assignment.SuggestionTest -->
    </test> <!-- Default test -->
  </suite> <!-- Default suite -->
</testng-results>
